<?xml version="1.0" encoding="UTF-8"?>
<coverage generated="1669860266161" clover="3.2.0">
  <project timestamp="1669860266161" name="All files">
    <metrics statements="15" coveredstatements="9" conditionals="2" coveredconditionals="0" methods="2" coveredmethods="1" elements="19" coveredelements="10" complexity="0" loc="15" ncloc="15" packages="1" files="1" classes="1"/>
    <file name="restaurantEntry.js" path="/Users/sofiegmerek/Documents/GitHub/cse110-fall22-group37/RealPage/source/restaurantEntry/restaurantEntry.js">
      <metrics statements="15" coveredstatements="9" conditionals="2" coveredconditionals="0" methods="2" coveredmethods="1"/>
      <line num="2" count="1" type="stmt"/>
      <line num="15" count="2" type="stmt"/>
      <line num="17" count="2" type="stmt"/>
      <line num="20" count="2" type="stmt"/>
      <line num="23" count="2" type="stmt"/>
      <line num="26" count="2" type="stmt"/>
      <line num="182" count="2" type="stmt"/>
      <line num="183" count="2" type="stmt"/>
      <line num="207" count="0" type="cond" truecount="0" falsecount="2"/>
      <line num="210" count="0" type="stmt"/>
      <line num="215" count="0" type="stmt"/>
      <line num="216" count="0" type="stmt"/>
      <line num="217" count="0" type="stmt"/>
      <line num="220" count="0" type="stmt"/>
      <line num="243" count="1" type="stmt"/>
    </file>
  </project>
</coverage>
