{"/Users/sofiegmerek/Documents/GitHub/cse110-fall22-group37/RealPage/source/restaurantEntry/restaurantEntry.js": {"path":"/Users/sofiegmerek/Documents/GitHub/cse110-fall22-group37/RealPage/source/restaurantEntry/restaurantEntry.js","statementMap":{"0":{"start":{"line":2,"column":13},"end":{"line":2,"column":73}},"1":{"start":{"line":15,"column":6},"end":{"line":15,"column":14}},"2":{"start":{"line":17,"column":6},"end":{"line":17,"column":56}},"3":{"start":{"line":20,"column":6},"end":{"line":20,"column":62}},"4":{"start":{"line":23,"column":6},"end":{"line":23,"column":58}},"5":{"start":{"line":26,"column":6},"end":{"line":179,"column":9}},"6":{"start":{"line":182,"column":6},"end":{"line":182,"column":51}},"7":{"start":{"line":183,"column":6},"end":{"line":183,"column":53}},"8":{"start":{"line":207,"column":6},"end":{"line":207,"column":24}},"9":{"start":{"line":207,"column":17},"end":{"line":207,"column":24}},"10":{"start":{"line":210,"column":27},"end":{"line":210,"column":46}},"11":{"start":{"line":215,"column":14},"end":{"line":215,"column":16}},"12":{"start":{"line":216,"column":6},"end":{"line":218,"column":7}},"13":{"start":{"line":216,"column":19},"end":{"line":216,"column":20}},"14":{"start":{"line":217,"column":8},"end":{"line":217,"column":17}},"15":{"start":{"line":220,"column":6},"end":{"line":237,"column":65}},"16":{"start":{"line":243,"column":2},"end":{"line":243,"column":61}}},"fnMap":{"0":{"name":"(anonymous_0)","decl":{"start":{"line":14,"column":4},"end":{"line":14,"column":5}},"loc":{"start":{"line":14,"column":18},"end":{"line":184,"column":5}},"line":14},"1":{"name":"(anonymous_1)","decl":{"start":{"line":205,"column":4},"end":{"line":205,"column":5}},"loc":{"start":{"line":205,"column":19},"end":{"line":238,"column":5}},"line":205}},"branchMap":{"0":{"loc":{"start":{"line":207,"column":6},"end":{"line":207,"column":24}},"type":"if","locations":[{"start":{"line":207,"column":6},"end":{"line":207,"column":24}},{"start":{},"end":{}}],"line":207}},"s":{"0":1,"1":2,"2":2,"3":2,"4":2,"5":2,"6":2,"7":2,"8":0,"9":0,"10":0,"11":0,"12":0,"13":0,"14":0,"15":0,"16":1},"f":{"0":2,"1":0},"b":{"0":[0,0]},"_coverageSchema":"1a1c01bbd47fc00a2c39e90264f33305004495a9","hash":"888c4828a401fb0e1a7183315ac3689ef3cb099a"}
}
